This is pdfTeX, Version 3.14159265-2.6-1.40.20 (TeX Live 2019) (preloaded format=pdflatex 2019.8.1)  11 MAY 2020 22:14
entering extended mode
 restricted \write18 enabled.
 %&-line parsing enabled.
**KB
(/usr/local/texlive/2019basic/texmf-dist/tex/latex/tools/q.tex
LaTeX2e <2018-12-01>
File ignored
)
! Emergency stop.
<*> KB
      
*** (job aborted, no legal \end found)

 
Here is how much of TeX's memory you used:
 7 strings out of 494060
 271 string characters out of 6163036
 53286 words of memory out of 5000000
 3810 multiletter control sequences out of 15000+600000
 3640 words of font info for 14 fonts, out of 8000000 for 9000
 319 hyphenation exceptions out of 8191
 5i,0n,1p,82b,8s stack positions out of 5000i,500n,10000p,200000b,80000s
!  ==> Fatal error occurred, no output PDF file produced!
